2021-12-24 19:06:48.436 [INFO] 服务重新启动，连接 redis localhost:6379
2021-12-24 19:06:48.452 [INFO] 连接交易服务器..
2021-12-24 19:06:48.453 [INFO] 当前时间：2021-12-24 19:6:48 连接离线查询网关
2021-12-24 19:06:48.453 [INFO] 连接行情服务器..
2021-12-24 19:06:48.455 [INFO] 开启命令处理线程..
2021-12-24 19:06:48.455 [INFO] 服务已启动.
2021-12-24 19:06:48.456 [INFO] 命令处理线程已启动.
2021-12-24 19:08:50.855 [INFO] 服务重新启动，连接 redis localhost:6379
2021-12-24 19:08:50.878 [INFO] 连接交易服务器..
2021-12-24 19:08:50.879 [INFO] 当前时间：2021-12-24 19:8:50 连接离线查询网关
2021-12-24 19:08:50.879 [INFO] 连接行情服务器..
2021-12-24 19:08:50.880 [INFO] 开启命令处理线程..
2021-12-24 19:08:50.881 [INFO] 服务已启动.
2021-12-24 19:08:50.881 [INFO] 命令处理线程已启动.
2021-12-24 19:12:21.308 [INFO] 服务重新启动，连接 redis localhost:6379
2021-12-24 19:12:21.327 [INFO] 连接交易服务器..
2021-12-24 19:12:21.327 [INFO] 当前时间：2021-12-24 19:12:21 连接离线查询网关
2021-12-24 19:12:21.327 [INFO] 连接行情服务器..
2021-12-24 19:12:21.329 [INFO] 开启命令处理线程..
2021-12-24 19:12:21.329 [INFO] 服务已启动.
2021-12-24 19:12:21.329 [INFO] 命令处理线程已启动.
2021-12-24 19:13:55.744 [INFO] 服务重新启动，连接 redis localhost:6379
2021-12-24 19:13:55.772 [INFO] 连接交易服务器..
2021-12-24 19:13:55.772 [INFO] 当前时间：2021-12-24 19:13:55 连接离线查询网关
2021-12-24 19:13:55.772 [INFO] 连接行情服务器..
2021-12-24 19:13:55.774 [INFO] 开启命令处理线程..
2021-12-24 19:13:55.774 [INFO] 服务已启动.
2021-12-24 19:13:55.774 [INFO] 命令处理线程已启动.
2021-12-24 19:15:29.468 [INFO] 服务重新启动，连接 redis 127.0.0.1:6379
2021-12-24 19:15:29.486 [INFO] 连接交易服务器..
2021-12-24 19:15:29.486 [INFO] 当前时间：2021-12-24 19:15:29 连接离线查询网关
2021-12-24 19:15:29.486 [INFO] 连接行情服务器..
2021-12-24 19:15:29.488 [INFO] 开启命令处理线程..
2021-12-24 19:15:29.488 [INFO] 服务已启动.
2021-12-24 19:15:29.488 [INFO] 命令处理线程已启动.
2021-12-24 19:20:23.148 [INFO] 服务重新启动，连接 redis 127.0.0.1:6379
2021-12-24 19:20:23.163 [INFO] 连接交易服务器..
2021-12-24 19:20:23.163 [INFO] 当前时间：2021-12-24 19:20:23 连接离线查询网关
2021-12-24 19:20:23.163 [INFO] 连接行情服务器..
2021-12-24 19:20:23.165 [INFO] 开启命令处理线程..
2021-12-24 19:20:23.165 [INFO] 服务已启动.
2021-12-24 19:20:23.166 [INFO] 命令处理线程已启动.
2021-12-24 19:24:04.694 (main_name) [INFO] 服务重新启动，连接 redis 127.0.0.1:6379
2021-12-24 19:24:04.696 (main_name) [INFO] 连接交易服务器..
2021-12-24 19:24:04.697 (main_name) [INFO] 当前时间：2021-12-24 19:24:4 连接离线查询网关
2021-12-24 19:24:04.697 (main_name) [INFO] 连接行情服务器..
2021-12-24 19:24:04.698 (main_name) [INFO] 开启命令处理线程..
2021-12-24 19:24:04.699 (main_name) [INFO] 服务已启动.
2021-12-24 19:24:04.699 (command_name) [INFO] 命令处理线程已启动.
2021-12-24 19:25:05.928 (main) [INFO] 服务重新启动，连接 redis 127.0.0.1:6379
2021-12-24 19:25:05.952 (main) [INFO] 连接交易服务器..
2021-12-24 19:25:05.952 (main) [INFO] 当前时间：2021-12-24 19:25:5 连接离线查询网关
2021-12-24 19:25:05.953 (main) [INFO] 连接行情服务器..
2021-12-24 19:25:05.954 (main) [INFO] 开启命令处理线程..
2021-12-24 19:25:05.954 (main) [INFO] 服务已启动.
2021-12-24 19:25:05.954 (command) [INFO] 命令处理线程已启动.
2021-12-24 19:52:50.420 (main) [INFO] 服务重新启动，连接 redis 127.0.0.1:6379
2021-12-24 19:52:50.422 (main) [INFO] 连接交易服务器..
2021-12-24 19:52:50.422 (main) [INFO] 当前时间：2021-12-24 19:52:50 连接离线查询网关
2021-12-24 19:52:50.422 (main) [INFO] 连接行情服务器..
2021-12-24 19:52:50.424 (main) [INFO] 开启命令处理线程..
2021-12-24 19:52:50.424 (main) [INFO] 服务已启动.
2021-12-24 19:52:50.424 (command) [INFO] 命令处理线程已启动.
2021-12-24 20:11:32.917 (main) [INFO] 服务重新启动，连接 redis 127.0.0.1:6379
2021-12-24 20:11:32.918 (main) [INFO] 连接交易服务器..
2021-12-24 20:11:32.919 (main) [INFO] 当前时间：2021-12-24 20:11:32 连接离线查询网关
2021-12-24 20:11:32.919 (main) [INFO] 连接行情服务器..
2021-12-24 20:11:32.921 (main) [INFO] 开启命令处理线程..
2021-12-24 20:11:32.921 (main) [INFO] 服务已启动.
2021-12-24 20:11:32.921 (command) [INFO] 命令处理线程已启动.
2021-12-24 20:26:53.794 (main) [INFO] 服务重新启动，连接 redis 127.0.0.1:6379
2021-12-24 20:26:53.796 (main) [INFO] 连接交易服务器..
2021-12-24 20:26:53.797 (main) [INFO] 当前时间：2021-12-24 20:26:53 连接离线查询网关
2021-12-24 20:26:53.797 (main) [INFO] 连接行情服务器..
2021-12-24 20:26:53.798 (main) [INFO] 开启命令处理线程..
2021-12-24 20:26:53.798 (main) [INFO] 服务已启动.
2021-12-24 20:26:53.799 (command) [INFO] 命令处理线程已启动.
2021-12-24 20:26:53.907 (11808) [INFO] 前置机已连接！发送终端认证请求..
2021-12-24 20:26:53.963 (11808) [INFO] 终端认证成功！发送登录请求..
2021-12-24 20:26:54.193 (11808) [INFO] 登录成功！账号：026239 AppID：simnow_client_test sessionid：-1131673621 交易日：20211227
2021-12-24 20:26:54.193 (11808) [INFO] 直接确认结算单...
2021-12-24 20:26:54.222 (11808) [INFO] 结算单确认成功！
2021-12-24 20:33:31.449 (main) [INFO] 服务重新启动，连接 redis 127.0.0.1:6379
2021-12-24 20:33:31.451 (main) [INFO] 连接交易服务器..
2021-12-24 20:33:31.452 (main) [INFO] 当前时间：2021-12-24 20:33:31 连接离线查询网关
2021-12-24 20:33:31.452 (main) [INFO] 连接行情服务器..
2021-12-24 20:33:31.453 (main) [INFO] 开启命令处理线程..
2021-12-24 20:33:31.453 (main) [INFO] 服务已启动.
2021-12-24 20:33:31.454 (command) [INFO] 命令处理线程已启动.
2021-12-24 20:33:31.572 (5728) [INFO] 前置机已连接！发送终端认证请求..
2021-12-24 20:33:31.632 (5728) [INFO] 终端认证成功！发送登录请求..
2021-12-24 20:33:31.831 (5728) [INFO] 登录成功！账号：026239 AppID：simnow_client_test sessionid：-1105589304 交易日：20211227
2021-12-24 20:33:31.831 (5728) [INFO] 直接确认结算单...
2021-12-24 20:33:31.862 (5728) [INFO] 结算单确认成功！
2021-12-24 20:34:12.238 (main) [INFO] 服务重新启动，连接 redis 127.0.0.1:6379
2021-12-24 20:34:12.240 (main) [INFO] 连接交易服务器..
2021-12-24 20:34:12.240 (main) [INFO] 当前时间：2021-12-24 20:34:12 连接离线查询网关
2021-12-24 20:34:12.241 (main) [INFO] 连接行情服务器..
2021-12-24 20:34:12.242 (main) [INFO] 开启命令处理线程..
2021-12-24 20:34:12.242 (main) [INFO] 服务已启动.
2021-12-24 20:34:12.243 (command) [INFO] 命令处理线程已启动.
2021-12-24 20:34:12.371 (7560) [INFO] 前置机已连接！发送终端认证请求..
2021-12-24 20:34:12.428 (7560) [INFO] 终端认证成功！发送登录请求..
2021-12-24 20:34:12.595 (7560) [INFO] 登录成功！账号：026239 AppID：simnow_client_test sessionid：-1102967843 交易日：20211227
2021-12-24 20:34:12.595 (7560) [INFO] 直接确认结算单...
2021-12-24 20:34:12.624 (7560) [INFO] 结算单确认成功！
2021-12-24 20:35:07.540 (main) [INFO] 服务重新启动，连接 redis 127.0.0.1:6379
2021-12-24 20:35:07.542 (main) [INFO] 连接交易服务器..
2021-12-24 20:35:07.543 (main) [INFO] 当前时间：2021-12-24 20:35:7 连接离线查询网关
2021-12-24 20:35:07.543 (main) [INFO] 连接行情服务器..
2021-12-24 20:35:07.544 (main) [INFO] 开启命令处理线程..
2021-12-24 20:35:07.544 (main) [INFO] 服务已启动.
2021-12-24 20:35:07.544 (command) [INFO] 命令处理线程已启动.
2021-12-24 20:35:07.674 (7388) [INFO] 前置机已连接！发送终端认证请求..
2021-12-24 20:35:07.732 (7388) [INFO] 终端认证成功！发送登录请求..
2021-12-24 20:35:07.900 (7388) [INFO] 登录成功！账号：026239 AppID：simnow_client_test sessionid：-1099428872 交易日：20211227
2021-12-24 20:35:07.900 (7388) [INFO] 直接确认结算单...
2021-12-24 20:35:07.929 (7388) [INFO] 结算单确认成功！
2021-12-24 20:35:56.570 (main) [INFO] 服务重新启动，连接 redis 127.0.0.1:6379
2021-12-24 20:35:56.571 (main) [INFO] 连接交易服务器..
2021-12-24 20:35:56.572 (main) [INFO] 当前时间：2021-12-24 20:35:56 连接离线查询网关
2021-12-24 20:35:56.572 (main) [INFO] 连接行情服务器..
2021-12-24 20:35:56.573 (main) [INFO] 开启命令处理线程..
2021-12-24 20:35:56.573 (main) [INFO] 服务已启动.
2021-12-24 20:35:56.574 (command) [INFO] 命令处理线程已启动.
2021-12-24 20:35:56.707 (6960) [INFO] 前置机已连接！发送终端认证请求..
2021-12-24 20:35:56.774 (6960) [INFO] 终端认证成功！发送登录请求..
2021-12-24 20:35:56.938 (6960) [INFO] 登录成功！账号：026239 AppID：simnow_client_test sessionid：-1096152038 交易日：20211227
2021-12-24 20:35:56.938 (6960) [INFO] 直接确认结算单...
2021-12-24 20:35:56.967 (6960) [INFO] 结算单确认成功！
2021-12-24 20:37:57.839 (main) [INFO] 服务重新启动，连接 redis 127.0.0.1:6379
2021-12-24 20:37:57.841 (main) [INFO] 连接交易服务器..
2021-12-24 20:37:57.842 (main) [INFO] 当前时间：2021-12-24 20:37:57 连接离线查询网关
2021-12-24 20:37:57.842 (main) [INFO] 连接行情服务器..
2021-12-24 20:37:57.843 (main) [INFO] 开启命令处理线程..
2021-12-24 20:37:57.843 (main) [INFO] 服务已启动.
2021-12-24 20:37:57.844 (command) [INFO] 命令处理线程已启动.
2021-12-24 20:37:57.973 (6184) [INFO] 前置机已连接！发送终端认证请求..
2021-12-24 20:37:58.033 (6184) [INFO] 终端认证成功！发送登录请求..
2021-12-24 20:37:58.228 (6184) [INFO] 登录成功！账号：026239 AppID：simnow_client_test sessionid：-1088156549 交易日：20211227
2021-12-24 20:37:58.228 (6184) [INFO] 直接确认结算单...
2021-12-24 20:37:58.257 (6184) [INFO] 结算单确认成功！
2021-12-24 20:54:10.437 (main) [INFO] 服务重新启动，连接 redis 127.0.0.1:6379
2021-12-24 20:54:10.439 (main) [INFO] 连接交易服务器..
2021-12-24 20:54:10.439 (main) [INFO] 当前时间：2021-12-24 20:54:10 连接正常交易网关
2021-12-24 20:54:10.439 (main) [INFO] 连接行情服务器..
2021-12-24 20:54:10.441 (main) [INFO] 开启命令处理线程..
2021-12-24 20:54:10.441 (main) [INFO] 服务已启动.
2021-12-24 20:54:10.442 (command) [INFO] 命令处理线程已启动.
2021-12-24 20:54:10.562 (8796) [INFO] 前置机已连接！发送终端认证请求..
2021-12-24 20:54:10.621 (8796) [INFO] 终端认证成功！发送登录请求..
2021-12-24 20:54:10.871 (8796) [INFO] 登录成功！账号：026239 AppID：simnow_client_test sessionid：-1024454733 交易日：20211227
2021-12-24 20:54:10.871 (8796) [INFO] 直接确认结算单...
2021-12-24 20:54:10.900 (8796) [INFO] 结算单确认成功！
2021-12-24 20:55:25.667 (main) [INFO] 服务重新启动，连接 redis 127.0.0.1:6379
2021-12-24 20:55:25.669 (main) [INFO] 连接交易服务器..
2021-12-24 20:55:25.670 (main) [INFO] 当前时间：2021-12-24 20:55:25 连接正常交易网关
2021-12-24 20:55:25.670 (main) [INFO] 连接行情服务器..
2021-12-24 20:55:25.671 (main) [INFO] 开启命令处理线程..
2021-12-24 20:55:25.671 (main) [INFO] 服务已启动.
2021-12-24 20:55:25.673 (command) [INFO] 命令处理线程已启动.
2021-12-24 20:55:25.803 (8920) [INFO] 前置机已连接！发送终端认证请求..
2021-12-24 20:55:25.863 (8920) [INFO] 终端认证成功！发送登录请求..
2021-12-24 20:55:26.032 (8920) [INFO] 登录成功！账号：026239 AppID：simnow_client_test sessionid：-1019539484 交易日：20211227
2021-12-24 20:55:26.032 (8920) [INFO] 直接确认结算单...
2021-12-24 20:55:26.062 (8920) [INFO] 结算单确认成功！
2021-12-24 20:56:01.182 (8920) [INFO] 前置机已连接！发送终端认证请求..
2021-12-24 20:56:01.244 (8920) [INFO] 终端认证成功！发送登录请求..
2021-12-24 20:56:01.394 (8920) [INFO] 登录成功！账号：026239 AppID：simnow_client_test sessionid：-1017376771 交易日：20211227
2021-12-24 20:56:01.394 (8920) [INFO] 直接确认结算单...
2021-12-24 20:56:01.425 (8920) [INFO] 结算单确认成功！
2021-12-24 20:56:32.184 (main) [INFO] queue_size: 1, cmd: ReqQryTradingAccount
2021-12-24 20:56:32.184 (command) [INFO] 发送命令 ReqQryTradingAccount
2021-12-24 20:56:32.184 (command) [INFO] 结果: "发送成功"
2021-12-24 20:56:34.315 (main) [INFO] queue_size: 1, cmd: ReqQryInvestorPositionDetail
2021-12-24 20:56:34.315 (command) [INFO] 发送命令 ReqQryInvestorPositionDetail
2021-12-24 20:56:34.315 (command) [INFO] 结果: "发送成功"
2021-12-24 20:56:36.487 (main) [INFO] queue_size: 1, cmd: ReqQryOrder
2021-12-24 20:56:36.487 (command) [INFO] 发送命令 ReqQryOrder
2021-12-24 20:56:36.487 (command) [INFO] 结果: "发送成功"
2021-12-24 21:00:40.858 (main) [INFO] 服务重新启动，连接 redis 127.0.0.1:6379
2021-12-24 21:00:40.860 (main) [INFO] 连接交易服务器..
2021-12-24 21:00:40.861 (main) [INFO] 当前时间：2021-12-24 21:0:40 连接正常交易网关
2021-12-24 21:00:40.861 (main) [INFO] 连接行情服务器..
2021-12-24 21:00:40.862 (main) [INFO] 开启命令处理线程..
2021-12-24 21:00:40.862 (main) [INFO] 服务已启动.
2021-12-24 21:00:40.862 (command) [INFO] 命令处理线程已启动.
2021-12-24 21:00:40.997 (10780) [INFO] 前置机已连接！发送终端认证请求..
2021-12-24 21:00:41.059 (10780) [INFO] 终端认证成功！发送登录请求..
2021-12-24 21:00:41.804 (10780) [INFO] 登录成功！账号：026239 AppID：simnow_client_test sessionid：-998829843 交易日：20211227
2021-12-24 21:00:41.804 (10780) [INFO] 直接确认结算单...
2021-12-24 21:00:41.835 (10780) [INFO] 结算单确认成功！
2021-12-24 21:01:06.733 (10988) [INFO] queue_size: 1, cmd: ReqQryTradingAccount
2021-12-24 21:01:06.733 (command) [INFO] 发送命令 ReqQryTradingAccount
2021-12-24 21:01:06.733 (command) [INFO] 结果: "发送成功"
2021-12-24 21:01:09.093 (10988) [INFO] queue_size: 1, cmd: ReqQryInvestorPositionDetail
2021-12-24 21:01:09.093 (command) [INFO] 发送命令 ReqQryInvestorPositionDetail
2021-12-24 21:01:09.093 (command) [INFO] 结果: "发送成功"
2021-12-24 21:01:11.210 (10988) [INFO] queue_size: 1, cmd: ReqQryOrder
2021-12-24 21:01:11.210 (command) [INFO] 发送命令 ReqQryOrder
2021-12-24 21:01:11.210 (command) [INFO] 结果: "发送成功"
2021-12-25 10:02:07.850 (main) [INFO] 服务重新启动，连接 redis 127.0.0.1:6379
2021-12-25 10:02:07.852 (main) [INFO] 连接交易服务器..
2021-12-25 10:02:07.853 (main) [INFO] 当前时间：2021-12-25 10:2:7 连接正常交易网关
2021-12-25 10:02:07.853 (main) [INFO] 开启命令处理线程..
2021-12-25 10:02:07.853 (main) [INFO] 服务已启动.
2021-12-25 10:02:07.854 (command) [INFO] 命令处理线程已启动.
